usage: elsa_mistral_windowed_stable.py [-h] [--model_id MODEL_ID] --calib CALIB --out OUT [--state_dir STATE_DIR] [--reset_state]
                                       [--save_mode {hf_pretrained,full_pt,meta_only}] [--max_shard_size MAX_SHARD_SIZE] [--sparsity SPARSITY] [--pattern PATTERN]
                                       [--min_keep_per_tensor MIN_KEEP_PER_TENSOR] [--include INCLUDE] [--exclude EXCLUDE] [--suffixes SUFFIXES] [--compress_lm_head]
                                       [--skip_tied_lm_head] [--skip_attn_out] [--skip_mlp_out] [--admm_passes ADMM_PASSES] [--steps_per_window STEPS_PER_WINDOW]
                                       [--active_block_window ACTIVE_BLOCK_WINDOW] [--projection_interval PROJECTION_INTERVAL] [--project_at_window_end] [--lr LR]
                                       [--lr_schedule {constant,linear,cosine}] [--min_lr_ratio MIN_LR_RATIO] [--weight_decay WEIGHT_DECAY] [--beta1 BETA1] [--beta2 BETA2]
                                       [--adam_eps ADAM_EPS] [--admm_lambda ADMM_LAMBDA] [--lambda_schedule {constant,linear,cosine}]
                                       [--lambda_warmup_frac LAMBDA_WARMUP_FRAC] [--penalty_normalization {mean,sum}] [--dual_lr DUAL_LR] [--dual_clip DUAL_CLIP]
                                       [--admm_diff_clip ADMM_DIFF_CLIP] [--no_objective_aware_projection] [--fisher_floor FISHER_FLOOR] [--copy_z_to_x_after_projection]
                                       [--hard_sparse_forward] [--fisher_warmup_steps FISHER_WARMUP_STEPS] [--max_grad_norm MAX_GRAD_NORM]
                                       [--grad_value_clip GRAD_VALUE_CLIP] [--update_value_clip UPDATE_VALUE_CLIP] [--weight_clip WEIGHT_CLIP]
                                       [--optimizer_state_clip OPTIMIZER_STATE_CLIP] [--skip_step_on_nonfinite_grad] [--batch_size BATCH_SIZE] [--max_seq_len MAX_SEQ_LEN]
                                       [--crop_mode {random,prefix,sliding,none}] [--apply_initial_z_to_model] [--initial_probe_batches INITIAL_PROBE_BATCHES]
                                       [--pass_probe_batches PASS_PROBE_BATCHES] [--final_probe_batches FINAL_PROBE_BATCHES] [--no_shuffle] [--device DEVICE]
                                       [--model_dtype {float16,bfloat16,float32}] [--active_state_dtype {float16,bfloat16,float32}] [--state_format {int8,fp16,bf16,fp32}]
                                       [--x_state_format {int8,fp16,bf16,fp32}] [--optimizer_state_format {int8,fp16,bf16,fp32}] [--no_persist_x_state]
                                       [--no_persist_optimizer_state] [--load_z_into_x_if_missing] [--no_load_z_into_x_if_missing] [--projection_device {cpu,cuda}]
                                       [--attn_implementation {eager,sdpa,flash_attention_2}] [--gradient_checkpointing] [--no_autocast] [--low_cpu_mem_usage]
                                       [--trust_remote_code] [--model_train_mode] [--matmul_precision {highest,high,medium}] [--seed SEED] [--log_interval LOG_INTERVAL]
elsa_mistral_windowed_stable.py: error: unrecognized arguments: --grad_accum_steps 2
